JOB ID Summary:
SLURM_JOBID:  17364616
SLURM_ARRAY_TASK_ID:  2
SLURM_ARRAY_JOB_ID:  17364615
Unable to open file for Java VM logging

                            < M A T L A B (R) >
                  Copyright 1984-2019 The MathWorks, Inc.
                  R2019a (9.6.0.1072779) 64-bit (glnxa64)
                               March 8, 2019

 
To get started, type doc.
For product information, visit www.mathworks.com.
 
{Index exceeds the number of array elements (3).

Error in beta2roi (line 13)
betaFiles = betaidx(scanN);
} 
JOB ID Summary:
SLURM_JOBID:  17364616
SLURM_ARRAY_TASK_ID:  2
SLURM_ARRAY_JOB_ID:  17364615
ALL DONE!
